<?xml version="1.0" encoding="UTF-8" ?>
<testsuites errors="1"
            failures="1"
            tests="1">

  <testsuite name="db"
    errors="1" failures="1" hostname="" id="" package="db" skipped="0"
    tests="1" time="11.68" timestamp="">
  
    <testcase name="Database Test" classname="db" time="11.68" assertions="1">  <failure message="Testing if element [0;33m&lt;//a[text()=August]&gt;[0m is visible in 5000ms - expected [0;32m&#34;is visible&#34;[0m but got: [0;31m&#34;element could not be located&#34;[0m [0;90m(5166ms)[0m">    at Object.Database Test (/home/fuwafuwatime/Documents/school/softwareEngineering/budgetPlannerV2/tests/db.js:7:15)
    at &lt;anonymous&gt;</failure>

    <failure message="    at Object.Database Test (/home/fuwafuwatime/Documents/school/softwareEngineering/budgetPlannerV2/tests/db.js:7:15)">    at &lt;anonymous&gt;</failure>
    </testcase>
  

  
    <system-err>
      [0;31m  NoSuchElementError: An error occurred while running .isVisible() command on &lt;//a[text()=August]&gt;: undefined; undefined
   {&#34;sessionId&#34;:&#34;48c3614627b609906ffeb29f06ebb72c&#34;,&#34;status&#34;:0,&#34;value&#34;:[]}[0m
[0;90m       at &lt;anonymous&gt;
       at process._tickCallback (internal/process/next_tick.js:188:7)[0m
    </system-err>
  

  
  </testsuite>
</testsuites>
