<?xml version="1.0" encoding="UTF-8" ?>
<testsuites errors="0"
            failures="1"
            tests="1">

  <testsuite name="googleTest"
    errors="0" failures="1" hostname="" id="" package="googleTest" skipped="0"
    tests="1" time="7.418" timestamp="">
  
    <testcase name="Demo test Google" classname="googleTest" time="7.418" assertions="2">

      <failure message="Expected element &lt;#lst-ib&gt; to have css property &#34;display&#34; - element was not found - expected [0;32m&#34;present&#34;[0m but got: [0;31m&#34;not present&#34;[0m[0;90m (5135ms)[0m">    at Object.Demo test Google (/home/fuwafuwatime/Documents/school/softwareEngineering/budgetPlannerV2/tests/googleTest.js:11:19)
    at &lt;anonymous&gt;
    at process._tickCallback (internal/process/next_tick.js:188:7)</failure>

    <failure message="    at Object.Demo test Google (/home/fuwafuwatime/Documents/school/softwareEngineering/budgetPlannerV2/tests/googleTest.js:11:19)">    at &lt;anonymous&gt;
    at process._tickCallback (internal/process/next_tick.js:188:7)</failure>
    </testcase>
  

  

  
  </testsuite>
</testsuites>
